<?xml version="1.0" encoding="UTF-8"?>
<testng-results ignored="0" total="1" passed="1" failed="0" skipped="0">
  <reporter-output>
  </reporter-output>
  <suite started-at="2023-07-03T12:49:50 IST" name="Default suite" finished-at="2023-07-03T12:50:06 IST" duration-ms="16094">
    <groups>
    </groups>
    <test started-at="2023-07-03T12:49:50 IST" name="Default test" finished-at="2023-07-03T12:50:06 IST" duration-ms="16094">
      <class name="SWITCH_Windows.Bus">
        <test-method signature="bus()[pri:0, instance:SWITCH_Windows.Bus@323b36e0]" started-at="2023-07-03T12:49:50 IST" name="bus" finished-at="2023-07-03T12:50:06 IST" duration-ms="16050" status="PASS">
          <reporter-output>
          </reporter-output>
        </test-method> <!-- bus -->
      </class> <!-- SWITCH_Windows.Bus -->
    </test> <!-- Default test -->
  </suite> <!-- Default suite -->
</testng-results>
